<?xml version="1.0" encoding="UTF-8"?>
<!-- Generated by org.testng.reporters.JUnitXMLReporter -->
<testsuite ignored="0" hostname="DESKTOP-OL3DFRR" failures="1" tests="1" name="Test1" time="1.307" errors="0" timestamp="2024-10-25T13:34:43 IST">
  <testcase classname="crossBrowserTesting.LearnCrossBrowserTesting" name="launch" time="1.232">
    <failure type="org.openqa.selenium.remote.NoSuchDriverException" message="Unable to obtain: Capabilities {browserName: MicrosoftEdge, ms:edgeOptions: {args: [], extensions: []}}, error Command failed with code: 65, executed: [--browser, MicrosoftEdge, --language-binding, java, --output, json]
error sending request for url (https://msedgedriver.azureedge.net/LATEST_RELEASE_130_WINDOWS): error trying to connect: dns error: No such host is known. (os error 11001)
Build info: version: &amp;apos;4.17.0&amp;apos;, revision: &amp;apos;e52b1be057*&amp;apos;
System info: os.name: &amp;apos;Windows 10&amp;apos;, os.arch: &amp;apos;amd64&amp;apos;, os.version: &amp;apos;10.0&amp;apos;, java.version: &amp;apos;22.0.1&amp;apos;
Driver info: driver.version: EdgeDriver">
      <![CDATA[org.openqa.selenium.remote.NoSuchDriverException: Unable to obtain: Capabilities {browserName: MicrosoftEdge, ms:edgeOptions: {args: [], extensions: []}}, error Command failed with code: 65, executed: [--browser, MicrosoftEdge, --language-binding, java, --output, json]
error sending request for url (https://msedgedriver.azureedge.net/LATEST_RELEASE_130_WINDOWS): error trying to connect: dns error: No such host is known. (os error 11001)
Build info: version: '4.17.0', revision: 'e52b1be057*'
System info: os.name: 'Windows 10', os.arch: 'amd64', os.version: '10.0', java.version: '22.0.1'
Driver info: driver.version: EdgeDriver
at org.openqa.selenium.remote.service.DriverFinder.getPath(DriverFinder.java:48)
at org.openqa.selenium.remote.service.DriverFinder.getPath(DriverFinder.java:33)
at org.openqa.selenium.edge.EdgeDriver.generateExecutor(EdgeDriver.java:71)
at org.openqa.selenium.edge.EdgeDriver.<init>(EdgeDriver.java:61)
at org.openqa.selenium.edge.EdgeDriver.<init>(EdgeDriver.java:57)
at org.openqa.selenium.edge.EdgeDriver.<init>(EdgeDriver.java:49)
at org.openqa.selenium.edge.EdgeDriver.<init>(EdgeDriver.java:45)
at crossBrowserTesting.LearnCrossBrowserTesting.launch(LearnCrossBrowserTesting.java:30)
at java.base/java.util.ArrayList.forEach(ArrayList.java:1597)
at java.base/java.util.concurrent.FutureTask.run(FutureTask.java:317)
at java.base/java.util.concurrent.ThreadPoolExecutor.runWorker(ThreadPoolExecutor.java:1144)
at java.base/java.util.concurrent.ThreadPoolExecutor$Worker.run(ThreadPoolExecutor.java:642)
at java.base/java.lang.Thread.run(Thread.java:1570)
Caused by: org.openqa.selenium.WebDriverException: Command failed with code: 65, executed: [--browser, MicrosoftEdge, --language-binding, java, --output, json]
error sending request for url (https://msedgedriver.azureedge.net/LATEST_RELEASE_130_WINDOWS): error trying to connect: dns error: No such host is known. (os error 11001)
Build info: version: '4.17.0', revision: 'e52b1be057*'
System info: os.name: 'Windows 10', os.arch: 'amd64', os.version: '10.0', java.version: '22.0.1'
Driver info: driver.version: EdgeDriver
at org.openqa.selenium.manager.SeleniumManager.runCommand(SeleniumManager.java:159)
at org.openqa.selenium.manager.SeleniumManager.getDriverPath(SeleniumManager.java:303)
at org.openqa.selenium.remote.service.DriverFinder.getPath(DriverFinder.java:45)
... 28 more
... Removed 16 stack frames]]>
    </failure>
  </testcase> <!-- launch -->
</testsuite> <!-- Test1 -->
